Arguments: 
  /usr/local/bin/node /usr/local/bin/yarn add cropperjs -D

PATH: 
  /usr/bin:/bin:/usr/sbin:/sbin:/usr/local/bin

Yarn version: 
  1.22.4

Node version: 
  8.11.4

Platform: 
  darwin x64

Trace: 
  Error: connect ECONNREFUSED 151.101.0.133:443
      at Object._errnoException (util.js:992:11)
      at _exceptionWithHostPort (util.js:1014:20)
      at TCPConnectWrap.afterConnect [as oncomplete] (net.js:1186:14)

npm manifest: 
  {
    "name": "fannix",
    "version": "1.0.0",
    "description": "project",
    "main": "index.js",
    "dependencies": {
      "ding-open-org-trial-entry": "^1.4.2",
      "dingtalk-jsapi": "^2.10.3",
      "es6-shim": "^0.35.3",
      "immutable": "^3.8.2",
      "isomorphic-fetch": "^2.2.1",
      "react": "^16.3.2",
      "react-immutable-render-mixin": "^0.9.7",
      "react-redux": "^5.0.7",
      "react-router-redux": "^4.0.8",
      "redux": "^4.0.0",
      "vconsole": "^3.3.4"
    },
    "devDependencies": {
      "antd": "^3.25.3",
      "antd-mobile": "^2.2.6",
      "autoprefixer": "^8.4.1",
      "babel-eslint": "^8.2.3",
      "babel-loader": "^7.1.4",
      "babel-plugin-import": "^1.7.0",
      "babel-plugin-transform-decorators-legacy": "^1.3.4",
      "babel-plugin-transform-runtime": "^6.23.0",
      "babel-preset-env": "^1.7.0",
      "babel-preset-react": "^6.24.1",
      "babel-preset-stage-1": "^6.24.1",
      "bundle-loader": "^0.5.6",
      "clean-webpack-plugin": "^0.1.19",
      "css-loader": "^0.28.11",
      "del": "^3.0.0",
      "echarts": "^4.1.0",
      "echarts-for-react": "^2.0.13",
      "eslint": "^4.19.1",
      "fastclick": "^1.0.6",
      "file-loader": "^1.1.11",
      "gulp": "github:gulpjs/gulp#4.0",
      "gulp-replace": "^1.0.0",
      "gulp-util": "^3.0.8",
      "history": "^4.7.2",
      "html-webpack-plugin": "^3.2.0",
      "json-loader": "^0.5.7",
      "less": "^3.0.4",
      "less-loader": "^4.1.0",
      "mini-css-extract-plugin": "^0.4.0",
      "moment": "^2.22.2",
      "node-sass": "^4.9.0",
      "open-browser-webpack-plugin": "0.0.5",
      "optimize-css-assets-webpack-plugin": "^4.0.1",
      "plupload": "^2.3.6",
      "postcss-loader": "^2.1.4",
      "rc-form": "^2.2.0",
      "react-dom": "^16.3.2",
      "react-immutable-render-mixin": "^0.9.7",
      "react-router-dom": "^4.2.2",
      "redux-devtools": "^3.4.1",
      "redux-thunk": "^2.2.0",
      "sass-loader": "^7.0.1",
      "swiper": "^4.4.2",
      "uglifyjs-webpack-plugin": "^1.2.5",
      "url-loader": "^1.0.1",
      "webpack": "^4.6.0",
      "webpack-cli": "^2.1.2",
      "webpack-dev-server": "^3.1.4",
      "webpack-merge": "^4.1.2",
      "webpack-replace-loader": "^1.3.0"
    },
    "scripts": {
      "d:dev": "node --max_old_space_size=4096 node_modules/.bin/webpack-dev-server --hot --inline --color --config ./webpack/dev/webpack.ddev.config.js",
      "d:dev-win": "cross-env NODE_DEVICE=desktop NODE_ENV=development  webpack-dev-server --hot --inline --color --config ./webpack/webpack.dev.config.js",
      "d:dev0": "export NODE_DEVICE=desktop NODE_ENV=development && webpack-dev-server --progress --host 0.0.0.0 --port 3800 --config ./webpack/webpack.dev.config.js",
      "d:testbuild": "export NODE_DEVICE=desktop NODE_ENV=formal NODE_SERVER=testdesktop && webpack --config ./webpack/webpack.prod.config.js --progress --profile --colors --display-error-details",
      "d:prebuild": "export NODE_DEVICE=desktop NODE_ENV=formal NODE_SERVER=prefdesktop && webpack --config ./webpack/webpack.prod.config.js --progress --profile --colors --display-error-details",
      "d:build": "export NODE_DEVICE=desktop NODE_ENV=formal NODE_SERVER=formaldesktop && webpack --config ./webpack/webpack.prod.config.js --progress --profile --colors --display-error-details",
      "d:testpublish": "export NODE_SERVER=testdesktop NODE_DEVICE=desktop && gulp publish",
      "d:prepublish": "export NODE_SERVER=prefdesktop NODE_DEVICE=desktop && gulp publish",
      "d:publish": "export NODE_SERVER=formaldesktop NODE_DEVICE=desktop && gulp publish",
      "m:dev": "export NODE_DEVICE=mobile NODE_ENV=development && webpack-dev-server --hot --inline --color --config ./webpack/webpack.dev.config.js",
      "m:testbuild": "export NODE_DEVICE=mobile NODE_ENV=formal NODE_SERVER=testdesktop && webpack --config ./webpack/webpack.prod.config.js --progress --profile --colors --display-error-details",
      "m:prebuild": "export NODE_DEVICE=mobile NODE_ENV=formal NODE_SERVER=prefdesktop && webpack --config ./webpack/webpack.prod.config.js --progress --profile --colors --display-error-details",
      "m:build": "export NODE_DEVICE=mobile NODE_ENV=formal NODE_SERVER=formaldesktop && webpack --config ./webpack/webpack.prod.config.js --progress --profile --colors --display-error-details",
      "m:testpublish": "export NODE_SERVER=testmobile NODE_DEVICE=mobile && gulp publish",
      "m:prepublish": "export NODE_SERVER=prefmobile NODE_DEVICE=mobile && gulp publish",
      "m:publish": "export NODE_SERVER=formalmobile NODE_DEVICE=mobile && gulp publish"
    },
    "author": "",
    "license": "ISC",
    "browserslist": [
      "defaults",
      "not ie < 11",
      "last 2 versions",
      "> 1%",
      "iOS 7",
      "last 3 iOS versions"
    ]
  }

yarn manifest: 
  No manifest

Lockfile: 
  No lockfile
